#-----------------------------------------------------------
# Vivado v2018.2 (64-bit)
# SW Build 2258646 on Thu Jun 14 20:03:12 MDT 2018
# IP Build 2256618 on Thu Jun 14 22:10:49 MDT 2018
# Start of session at: Wed Apr 21 11:18:22 2021
# Process ID: 9308
# Current directory: C:/Users/Aayli/Desktop/SR_6
# Command line: vivado.exe -gui_launcher_event rodinguilauncherevent9700 C:\Users\Aayli\Desktop\SR_6\SR_6.xpr
# Log file: C:/Users/Aayli/Desktop/SR_6/vivado.log
# Journal file: C:/Users/Aayli/Desktop/SR_6\vivado.jou
#-----------------------------------------------------------
start_gui
open_project C:/Users/Aayli/Desktop/SR_6/SR_6.xpr
Scanning sources...
Finished scanning sources
INFO: [IP_Flow 19-234] Refreshing IP repositories
INFO: [IP_Flow 19-1704] No user IP repositories specified
INFO: [IP_Flow 19-2313] Loaded Vivado IP repository 'C:/Xilinx/Vivado/2018.2/data/ip'.
open_project: Time (s): cpu = 00:00:11 ; elapsed = 00:00:07 . Memory (MB): peak = 832.719 ; gain = 104.008
update_compile_order -fileset sources_1
exit
INFO: [Common 17-206] Exiting Vivado at Wed Apr 21 12:06:06 2021...
