#-----------------------------------------------------------
# Vivado v2018.2 (64-bit)
# SW Build 2258646 on Thu Jun 14 20:03:12 MDT 2018
# IP Build 2256618 on Thu Jun 14 22:10:49 MDT 2018
# Start of session at: Mon Apr 19 18:32:10 2021
# Process ID: 14300
# Current directory: C:/Users/Aayli/Desktop/SR_6
# Command line: vivado.exe -gui_launcher_event rodinguilauncherevent8776 C:\Users\Aayli\Desktop\SR_6\SR_6.xpr
# Log file: C:/Users/Aayli/Desktop/SR_6/vivado.log
# Journal file: C:/Users/Aayli/Desktop/SR_6\vivado.jou
#-----------------------------------------------------------
start_gui
open_project C:/Users/Aayli/Desktop/SR_6/SR_6.xpr
Scanning sources...
Finished scanning sources
INFO: [IP_Flow 19-234] Refreshing IP repositories
INFO: [IP_Flow 19-1704] No user IP repositories specified
INFO: [IP_Flow 19-2313] Loaded Vivado IP repository 'C:/Xilinx/Vivado/2018.2/data/ip'.
open_project: Time (s): cpu = 00:00:10 ; elapsed = 00:00:06 . Memory (MB): peak = 831.660 ; gain = 100.211
update_compile_order -fileset sources_1
exit
INFO: [Common 17-206] Exiting Vivado at Mon Apr 19 18:34:10 2021...
