#-----------------------------------------------------------
# Vivado v2018.2 (64-bit)
# SW Build 2258646 on Thu Jun 14 20:03:12 MDT 2018
# IP Build 2256618 on Thu Jun 14 22:10:49 MDT 2018
# Start of session at: Sun Apr 18 23:19:40 2021
# Process ID: 9108
# Current directory: C:/Users/Aayli/Desktop/SR_6
# Command line: vivado.exe -gui_launcher_event rodinguilauncherevent8240 C:\Users\Aayli\Desktop\SR_6\SR_6.xpr
# Log file: C:/Users/Aayli/Desktop/SR_6/vivado.log
# Journal file: C:/Users/Aayli/Desktop/SR_6\vivado.jou
#-----------------------------------------------------------
start_gui
open_project C:/Users/Aayli/Desktop/SR_6/SR_6.xpr
INFO: [Project 1-313] Project file moved from 'C:/Users/Aayli/Desktop/rgb2ycbcr/SR_6' since last save.
Scanning sources...
Finished scanning sources
INFO: [IP_Flow 19-234] Refreshing IP repositories
INFO: [IP_Flow 19-1704] No user IP repositories specified
INFO: [IP_Flow 19-2313] Loaded Vivado IP repository 'C:/Xilinx/Vivado/2018.2/data/ip'.
update_compile_order -fileset sources_1
launch_simulation
INFO: [Vivado 12-5698] Checking validity of IPs in the design for the 'XSim' simulator...
INFO: [Vivado 12-5682] Launching behavioral simulation in 'C:/Users/Aayli/Desktop/SR_6/SR_6.sim/sim_1/behav/xsim'
INFO: [Vivado 12-4795] Using compiled simulation libraries for IPs
INFO: [SIM-utils-51] Simulation object is 'sim_1'
INFO: [USF-XSim-7] Finding pre-compiled libraries...
INFO: [USF-XSim-11] File 'C:/Xilinx/Vivado/2018.2/data/xsim/xsim.ini' copied to run dir:'C:/Users/Aayli/Desktop/SR_6/SR_6.sim/sim_1/behav/xsim'
INFO: [SIM-utils-54] Inspecting design source files for 'tb_hdmi' in fileset 'sim_1'...
INFO: [SIM-utils-43] Exported 'C:/Users/Aayli/Desktop/SR_6/SR_6.sim/sim_1/behav/xsim/LUT_Cb.mif'
INFO: [SIM-utils-43] Exported 'C:/Users/Aayli/Desktop/SR_6/SR_6.sim/sim_1/behav/xsim/lutCb.coe'
INFO: [SIM-utils-43] Exported 'C:/Users/Aayli/Desktop/SR_6/SR_6.sim/sim_1/behav/xsim/LUT_Cr.mif'
INFO: [SIM-utils-43] Exported 'C:/Users/Aayli/Desktop/SR_6/SR_6.sim/sim_1/behav/xsim/lutCr.coe'
INFO: [USF-XSim-97] Finding global include files...
INFO: [USF-XSim-98] Fetching design files from 'sim_1'...
INFO: [USF-XSim-2] XSim::Compile design
INFO: [USF-XSim-61] Executing 'COMPILE and ANALYZE' step in 'C:/Users/Aayli/Desktop/SR_6/SR_6.sim/sim_1/behav/xsim'
"xvlog --incr --relax -prj tb_hdmi_vlog.prj"
INFO: [VRFC 10-2263] Analyzing Verilog file "C:/Users/Aayli/Desktop/SR_6/SR_6.srcs/sources_1/imports/project_1/delay.v" into library xil_defaultlib
INFO: [VRFC 10-311] analyzing module delay
INFO: [VRFC 10-2263] Analyzing Verilog file "C:/Users/Aayli/Desktop/SR_6/SR_6.srcs/sim_1/imports/tb_src/hdmi_in.v" into library xil_defaultlib
INFO: [VRFC 10-311] analyzing module hdmi_in
INFO: [VRFC 10-2263] Analyzing Verilog file "C:/Users/Aayli/Desktop/SR_6/SR_6.srcs/sim_1/imports/tb_src/hdmi_out.v" into library xil_defaultlib
INFO: [VRFC 10-311] analyzing module hdmi_out
INFO: [VRFC 10-2263] Analyzing Verilog file "C:/Users/Aayli/Desktop/SR_6/SR_6.srcs/sources_1/imports/project_1/long_delay.v" into library xil_defaultlib
INFO: [VRFC 10-311] analyzing module long_delay
INFO: [VRFC 10-2263] Analyzing Verilog file "C:/Users/Aayli/Desktop/SR_6/SR_6.srcs/sources_1/imports/project_1/rgb2ycbcr.v" into library xil_defaultlib
INFO: [VRFC 10-311] analyzing module rgb2ycbcr
INFO: [VRFC 10-2263] Analyzing Verilog file "C:/Users/Aayli/Desktop/SR_6/SR_6.srcs/sources_1/imports/new/vp.v" into library xil_defaultlib
INFO: [VRFC 10-311] analyzing module vp
INFO: [VRFC 10-2263] Analyzing Verilog file "C:/Users/Aayli/Desktop/SR_6/SR_6.srcs/sim_1/imports/tb_src/tb_hdmi.v" into library xil_defaultlib
INFO: [VRFC 10-311] analyzing module tb_hdmi
INFO: [VRFC 10-2263] Analyzing Verilog file "C:/Users/Aayli/Desktop/SR_6/SR_6.sim/sim_1/behav/xsim/glbl.v" into library xil_defaultlib
INFO: [VRFC 10-311] analyzing module glbl
"xvhdl --incr --relax -prj tb_hdmi_vhdl.prj"
INFO: [VRFC 10-163] Analyzing VHDL file "C:/Users/Aayli/Desktop/SR_6/SR_6.srcs/sources_1/ip/add_128/sim/add_128.vhd" into library xil_defaultlib
INFO: [VRFC 10-307] analyzing entity add_128
INFO: [VRFC 10-163] Analyzing VHDL file "C:/Users/Aayli/Desktop/SR_6/SR_6.srcs/sources_1/ip/add_17x16/sim/add_17x16.vhd" into library xil_defaultlib
INFO: [VRFC 10-307] analyzing entity add_17x16
INFO: [VRFC 10-163] Analyzing VHDL file "C:/Users/Aayli/Desktop/SR_6/SR_6.srcs/sources_1/ip/add_16x16/sim/add_16x16.vhd" into library xil_defaultlib
INFO: [VRFC 10-307] analyzing entity add_16x16
INFO: [VRFC 10-163] Analyzing VHDL file "C:/Users/Aayli/Desktop/SR_6/SR_6.srcs/sources_1/ip/mult/sim/mult.vhd" into library xil_defaultlib
INFO: [VRFC 10-307] analyzing entity mult
INFO: [USF-XSim-69] 'compile' step finished in '1' seconds
INFO: [USF-XSim-3] XSim::Elaborate design
INFO: [USF-XSim-61] Executing 'ELABORATE' step in 'C:/Users/Aayli/Desktop/SR_6/SR_6.sim/sim_1/behav/xsim'
Vivado Simulator 2018.2
Copyright 1986-1999, 2001-2018 Xilinx, Inc. All Rights Reserved.
Running: C:/Xilinx/Vivado/2018.2/bin/unwrapped/win64.o/xelab.exe -wto 23db7130d43b442386a9554c2f0134b9 --incr --debug typical --relax --mt 2 -L xbip_utils_v3_0_9 -L c_reg_fd_v12_0_5 -L xbip_dsp48_wrapper_v3_0_4 -L xbip_pipe_v3_0_5 -L xbip_dsp48_addsub_v3_0_5 -L xbip_addsub_v3_0_5 -L c_addsub_v12_0_12 -L xil_defaultlib -L xbip_bram18k_v3_0_5 -L mult_gen_v12_0_14 -L unisims_ver -L unimacro_ver -L secureip -L xpm --snapshot tb_hdmi_behav xil_defaultlib.tb_hdmi xil_defaultlib.glbl -log elaborate.log 
Using 2 slave threads.
Starting static elaboration
WARNING: [VRFC 10-278] actual bit length 15 differs from formal bit length 16 for port idata [C:/Users/Aayli/Desktop/SR_6/SR_6.srcs/sources_1/imports/project_1/rgb2ycbcr.v:219]
WARNING: [VRFC 10-278] actual bit length 15 differs from formal bit length 16 for port odata [C:/Users/Aayli/Desktop/SR_6/SR_6.srcs/sources_1/imports/project_1/rgb2ycbcr.v:220]
Completed static elaboration
Starting simulation data flow analysis
Completed simulation data flow analysis
Time Resolution for simulation is 1ps
Compiling package std.standard
Compiling package std.textio
Compiling package ieee.std_logic_1164
Compiling package ieee.numeric_std
Compiling package mult_gen_v12_0_14.mult_gen_v12_0_14_viv_comp
Compiling package xbip_utils_v3_0_9.xbip_utils_v3_0_9_pkg
Compiling package mult_gen_v12_0_14.mult_gen_v12_0_14_pkg
Compiling package ieee.std_logic_arith
Compiling package ieee.std_logic_signed
Compiling package unisim.vcomponents
Compiling package ieee.std_logic_unsigned
Compiling package ieee.vital_timing
Compiling package ieee.vital_primitives
Compiling package unisim.vpkg
Compiling package c_addsub_v12_0_12.c_addsub_v12_0_12_viv_comp
Compiling package xbip_pipe_v3_0_5.xbip_pipe_v3_0_5_viv_comp
Compiling package xbip_addsub_v3_0_5.xbip_addsub_v3_0_5_viv_comp
Compiling package c_addsub_v12_0_12.c_addsub_v12_0_12_pkg
Compiling package c_addsub_v12_0_12.c_addsub_v12_0_12_pkg_legacy
Compiling package c_reg_fd_v12_0_5.c_reg_fd_v12_0_5_viv_comp
Compiling module xil_defaultlib.hdmi_in
Compiling architecture lut2_v of entity unisim.LUT2 [\LUT2(init="1000")(0,3)\]
Compiling architecture mult_and_v of entity unisim.MULT_AND [mult_and_default]
Compiling architecture muxcy_v of entity unisim.MUXCY [muxcy_default]
Compiling architecture xorcy_v of entity unisim.XORCY [xorcy_default]
Compiling architecture xilinx of entity mult_gen_v12_0_14.op_resize [\op_resize(ai_width=8,bi_width=8...]
Compiling architecture xilinx of entity mult_gen_v12_0_14.luts [\luts(c_xdevicefamily="zynq",c_a...]
Compiling architecture xilinx of entity mult_gen_v12_0_14.mult_gen_v12_0_14_viv [\mult_gen_v12_0_14_viv(c_verbosi...]
Compiling architecture xilinx of entity mult_gen_v12_0_14.mult_gen_v12_0_14 [\mult_gen_v12_0_14(c_xdevicefami...]
Compiling architecture mult_arch of entity xil_defaultlib.mult [mult_default]
Compiling architecture structural of entity c_reg_fd_v12_0_5.c_reg_fd_v12_0_5_viv [\c_reg_fd_v12_0_5_viv(c_sync_pri...]
Compiling architecture structural of entity c_reg_fd_v12_0_5.c_reg_fd_v12_0_5_viv [\c_reg_fd_v12_0_5_viv(c_width=8,...]
Compiling architecture rtl of entity c_addsub_v12_0_12.c_addsub_v12_0_12_lut6_legacy [\c_addsub_v12_0_12_lut6_legacy(c...]
Compiling architecture synth of entity c_addsub_v12_0_12.c_addsub_v12_0_12_fabric_legacy [\c_addsub_v12_0_12_fabric_legacy...]
Compiling architecture structural of entity c_reg_fd_v12_0_5.c_reg_fd_v12_0_5_viv [\c_reg_fd_v12_0_5_viv(c_width=9,...]
Compiling architecture rtl of entity c_addsub_v12_0_12.c_addsub_v12_0_12_lut6_legacy [\c_addsub_v12_0_12_lut6_legacy(c...]
Compiling architecture synth of entity c_addsub_v12_0_12.c_addsub_v12_0_12_fabric_legacy [\c_addsub_v12_0_12_fabric_legacy...]
Compiling architecture rtl of entity c_addsub_v12_0_12.c_addsub_v12_0_12_lut6_legacy [\c_addsub_v12_0_12_lut6_legacy(c...]
Compiling architecture synth of entity c_addsub_v12_0_12.c_addsub_v12_0_12_fabric_legacy [\c_addsub_v12_0_12_fabric_legacy...]
Compiling architecture synth of entity c_addsub_v12_0_12.c_addsub_v12_0_12_legacy [\c_addsub_v12_0_12_legacy(c_fami...]
Compiling architecture synth of entity c_addsub_v12_0_12.c_addsub_v12_0_12_viv [\c_addsub_v12_0_12_viv(c_xdevice...]
Compiling architecture xilinx of entity c_addsub_v12_0_12.c_addsub_v12_0_12 [\c_addsub_v12_0_12(c_xdevicefami...]
Compiling architecture add_16x16_arch of entity xil_defaultlib.add_16x16 [add_16x16_default]
Compiling module xil_defaultlib.delay(NUM_OF_BITS=16)
Compiling module xil_defaultlib.long_delay_default
Compiling module xil_defaultlib.long_delay(DELAY=7)
Compiling architecture synth of entity c_addsub_v12_0_12.c_addsub_v12_0_12_legacy [\c_addsub_v12_0_12_legacy(c_fami...]
Compiling architecture synth of entity c_addsub_v12_0_12.c_addsub_v12_0_12_viv [\c_addsub_v12_0_12_viv(c_xdevice...]
Compiling architecture xilinx of entity c_addsub_v12_0_12.c_addsub_v12_0_12 [\c_addsub_v12_0_12(c_xdevicefami...]
Compiling architecture add_17x16_arch of entity xil_defaultlib.add_17x16 [add_17x16_default]
Compiling architecture rtl of entity c_addsub_v12_0_12.c_addsub_v12_0_12_lut6_legacy [\c_addsub_v12_0_12_lut6_legacy(c...]
Compiling architecture synth of entity c_addsub_v12_0_12.c_addsub_v12_0_12_fabric_legacy [\c_addsub_v12_0_12_fabric_legacy...]
Compiling architecture synth of entity c_addsub_v12_0_12.c_addsub_v12_0_12_legacy [\c_addsub_v12_0_12_legacy(c_fami...]
Compiling architecture synth of entity c_addsub_v12_0_12.c_addsub_v12_0_12_viv [\c_addsub_v12_0_12_viv(c_xdevice...]
Compiling architecture xilinx of entity c_addsub_v12_0_12.c_addsub_v12_0_12 [\c_addsub_v12_0_12(c_xdevicefami...]
Compiling architecture add_128_arch of entity xil_defaultlib.add_128 [add_128_default]
Compiling module xil_defaultlib.delay(NUM_OF_BITS=17)
Compiling module xil_defaultlib.long_delay(NUM_OF_BITS=17)
Compiling module xil_defaultlib.delay(NUM_OF_BITS=3)
Compiling module xil_defaultlib.long_delay(NUM_OF_BITS=3,DELAY=1...
Compiling module xil_defaultlib.rgb2ycbcr
Compiling module xil_defaultlib.vp
Compiling module xil_defaultlib.hdmi_out
Compiling module xil_defaultlib.tb_hdmi
Compiling module xil_defaultlib.glbl
Built simulation snapshot tb_hdmi_behav
INFO: [USF-XSim-69] 'elaborate' step finished in '5' seconds
INFO: [USF-XSim-4] XSim::Simulate design
INFO: [USF-XSim-61] Executing 'SIMULATE' step in 'C:/Users/Aayli/Desktop/SR_6/SR_6.sim/sim_1/behav/xsim'
INFO: [USF-XSim-98] *** Running xsim
   with args "tb_hdmi_behav -key {Behavioral:sim_1:Functional:tb_hdmi} -tclbatch {tb_hdmi.tcl} -log {simulate.log}"
INFO: [USF-XSim-8] Loading simulator feature
Vivado Simulator 2018.2
Time resolution is 1 ps
source tb_hdmi.tcl
# set curr_wave [current_wave_config]
# if { [string length $curr_wave] == 0 } {
#   if { [llength [get_objects]] > 0} {
#     add_wave /
#     set_property needs_save false [current_wave_config]
#   } else {
#      send_msg_id Add_Wave-1 WARNING "No top level signals found. Simulator will start without a wave window. If you want to open a wave window go to 'File->New Waveform Configuration' or type 'create_wave_config' in the TCL console."
#   }
# }
# run 1000ns
INFO: [USF-XSim-96] XSim completed. Design snapshot 'tb_hdmi_behav' loaded.
INFO: [USF-XSim-97] XSim simulation ran for 1000ns
launch_simulation: Time (s): cpu = 00:00:07 ; elapsed = 00:00:09 . Memory (MB): peak = 814.602 ; gain = 23.699
update_compile_order -fileset sources_1
run 10 us
out  0.ppm saved
run 10 us
out  1.ppm saved
close_sim
INFO: [Simtcl 6-16] Simulation closed
launch_simulation
INFO: [Vivado 12-5698] Checking validity of IPs in the design for the 'XSim' simulator...
INFO: [Vivado 12-5682] Launching behavioral simulation in 'C:/Users/Aayli/Desktop/SR_6/SR_6.sim/sim_1/behav/xsim'
INFO: [Vivado 12-4795] Using compiled simulation libraries for IPs
INFO: [SIM-utils-51] Simulation object is 'sim_1'
INFO: [USF-XSim-7] Finding pre-compiled libraries...
INFO: [USF-XSim-11] File 'C:/Xilinx/Vivado/2018.2/data/xsim/xsim.ini' copied to run dir:'C:/Users/Aayli/Desktop/SR_6/SR_6.sim/sim_1/behav/xsim'
INFO: [SIM-utils-54] Inspecting design source files for 'tb_hdmi' in fileset 'sim_1'...
INFO: [SIM-utils-43] Exported 'C:/Users/Aayli/Desktop/SR_6/SR_6.sim/sim_1/behav/xsim/LUT_Cb.mif'
INFO: [SIM-utils-43] Exported 'C:/Users/Aayli/Desktop/SR_6/SR_6.sim/sim_1/behav/xsim/lutCb.coe'
INFO: [SIM-utils-43] Exported 'C:/Users/Aayli/Desktop/SR_6/SR_6.sim/sim_1/behav/xsim/LUT_Cr.mif'
INFO: [SIM-utils-43] Exported 'C:/Users/Aayli/Desktop/SR_6/SR_6.sim/sim_1/behav/xsim/lutCr.coe'
INFO: [USF-XSim-97] Finding global include files...
INFO: [USF-XSim-98] Fetching design files from 'sim_1'...
INFO: [USF-XSim-2] XSim::Compile design
INFO: [USF-XSim-61] Executing 'COMPILE and ANALYZE' step in 'C:/Users/Aayli/Desktop/SR_6/SR_6.sim/sim_1/behav/xsim'
"xvlog --incr --relax -prj tb_hdmi_vlog.prj"
INFO: [VRFC 10-2263] Analyzing Verilog file "C:/Users/Aayli/Desktop/SR_6/SR_6.srcs/sources_1/imports/project_1/delay.v" into library xil_defaultlib
INFO: [VRFC 10-311] analyzing module delay
INFO: [VRFC 10-2263] Analyzing Verilog file "C:/Users/Aayli/Desktop/SR_6/SR_6.srcs/sim_1/imports/tb_src/hdmi_in.v" into library xil_defaultlib
INFO: [VRFC 10-311] analyzing module hdmi_in
INFO: [VRFC 10-2263] Analyzing Verilog file "C:/Users/Aayli/Desktop/SR_6/SR_6.srcs/sim_1/imports/tb_src/hdmi_out.v" into library xil_defaultlib
INFO: [VRFC 10-311] analyzing module hdmi_out
INFO: [VRFC 10-2263] Analyzing Verilog file "C:/Users/Aayli/Desktop/SR_6/SR_6.srcs/sources_1/imports/project_1/long_delay.v" into library xil_defaultlib
INFO: [VRFC 10-311] analyzing module long_delay
INFO: [VRFC 10-2263] Analyzing Verilog file "C:/Users/Aayli/Desktop/SR_6/SR_6.srcs/sources_1/imports/project_1/rgb2ycbcr.v" into library xil_defaultlib
INFO: [VRFC 10-311] analyzing module rgb2ycbcr
INFO: [VRFC 10-2263] Analyzing Verilog file "C:/Users/Aayli/Desktop/SR_6/SR_6.srcs/sources_1/imports/new/vp.v" into library xil_defaultlib
INFO: [VRFC 10-311] analyzing module vp
INFO: [VRFC 10-2263] Analyzing Verilog file "C:/Users/Aayli/Desktop/SR_6/SR_6.srcs/sim_1/imports/tb_src/tb_hdmi.v" into library xil_defaultlib
INFO: [VRFC 10-311] analyzing module tb_hdmi
"xvhdl --incr --relax -prj tb_hdmi_vhdl.prj"
INFO: [USF-XSim-69] 'compile' step finished in '2' seconds
INFO: [USF-XSim-3] XSim::Elaborate design
INFO: [USF-XSim-61] Executing 'ELABORATE' step in 'C:/Users/Aayli/Desktop/SR_6/SR_6.sim/sim_1/behav/xsim'
Vivado Simulator 2018.2
Copyright 1986-1999, 2001-2018 Xilinx, Inc. All Rights Reserved.
Running: C:/Xilinx/Vivado/2018.2/bin/unwrapped/win64.o/xelab.exe -wto 23db7130d43b442386a9554c2f0134b9 --incr --debug typical --relax --mt 2 -L xbip_utils_v3_0_9 -L c_reg_fd_v12_0_5 -L xbip_dsp48_wrapper_v3_0_4 -L xbip_pipe_v3_0_5 -L xbip_dsp48_addsub_v3_0_5 -L xbip_addsub_v3_0_5 -L c_addsub_v12_0_12 -L xil_defaultlib -L xbip_bram18k_v3_0_5 -L mult_gen_v12_0_14 -L unisims_ver -L unimacro_ver -L secureip -L xpm --snapshot tb_hdmi_behav xil_defaultlib.tb_hdmi xil_defaultlib.glbl -log elaborate.log 
Using 2 slave threads.
Starting static elaboration
WARNING: [VRFC 10-278] actual bit length 15 differs from formal bit length 16 for port idata [C:/Users/Aayli/Desktop/SR_6/SR_6.srcs/sources_1/imports/project_1/rgb2ycbcr.v:219]
WARNING: [VRFC 10-278] actual bit length 15 differs from formal bit length 16 for port odata [C:/Users/Aayli/Desktop/SR_6/SR_6.srcs/sources_1/imports/project_1/rgb2ycbcr.v:220]
Completed static elaboration
Starting simulation data flow analysis
Completed simulation data flow analysis
Time Resolution for simulation is 1ps
Compiling package std.standard
Compiling package std.textio
Compiling package ieee.std_logic_1164
Compiling package ieee.numeric_std
Compiling package mult_gen_v12_0_14.mult_gen_v12_0_14_viv_comp
Compiling package xbip_utils_v3_0_9.xbip_utils_v3_0_9_pkg
Compiling package mult_gen_v12_0_14.mult_gen_v12_0_14_pkg
Compiling package ieee.std_logic_arith
Compiling package ieee.std_logic_signed
Compiling package unisim.vcomponents
Compiling package ieee.std_logic_unsigned
Compiling package ieee.vital_timing
Compiling package ieee.vital_primitives
Compiling package unisim.vpkg
Compiling package c_addsub_v12_0_12.c_addsub_v12_0_12_viv_comp
Compiling package xbip_pipe_v3_0_5.xbip_pipe_v3_0_5_viv_comp
Compiling package xbip_addsub_v3_0_5.xbip_addsub_v3_0_5_viv_comp
Compiling package c_addsub_v12_0_12.c_addsub_v12_0_12_pkg
Compiling package c_addsub_v12_0_12.c_addsub_v12_0_12_pkg_legacy
Compiling package c_reg_fd_v12_0_5.c_reg_fd_v12_0_5_viv_comp
Compiling module xil_defaultlib.hdmi_in
Compiling architecture lut2_v of entity unisim.LUT2 [\LUT2(init="1000")(0,3)\]
Compiling architecture mult_and_v of entity unisim.MULT_AND [mult_and_default]
Compiling architecture muxcy_v of entity unisim.MUXCY [muxcy_default]
Compiling architecture xorcy_v of entity unisim.XORCY [xorcy_default]
Compiling architecture xilinx of entity mult_gen_v12_0_14.op_resize [\op_resize(ai_width=8,bi_width=8...]
Compiling architecture xilinx of entity mult_gen_v12_0_14.luts [\luts(c_xdevicefamily="zynq",c_a...]
Compiling architecture xilinx of entity mult_gen_v12_0_14.mult_gen_v12_0_14_viv [\mult_gen_v12_0_14_viv(c_verbosi...]
Compiling architecture xilinx of entity mult_gen_v12_0_14.mult_gen_v12_0_14 [\mult_gen_v12_0_14(c_xdevicefami...]
Compiling architecture mult_arch of entity xil_defaultlib.mult [mult_default]
Compiling architecture structural of entity c_reg_fd_v12_0_5.c_reg_fd_v12_0_5_viv [\c_reg_fd_v12_0_5_viv(c_sync_pri...]
Compiling architecture structural of entity c_reg_fd_v12_0_5.c_reg_fd_v12_0_5_viv [\c_reg_fd_v12_0_5_viv(c_width=8,...]
Compiling architecture rtl of entity c_addsub_v12_0_12.c_addsub_v12_0_12_lut6_legacy [\c_addsub_v12_0_12_lut6_legacy(c...]
Compiling architecture synth of entity c_addsub_v12_0_12.c_addsub_v12_0_12_fabric_legacy [\c_addsub_v12_0_12_fabric_legacy...]
Compiling architecture structural of entity c_reg_fd_v12_0_5.c_reg_fd_v12_0_5_viv [\c_reg_fd_v12_0_5_viv(c_width=9,...]
Compiling architecture rtl of entity c_addsub_v12_0_12.c_addsub_v12_0_12_lut6_legacy [\c_addsub_v12_0_12_lut6_legacy(c...]
Compiling architecture synth of entity c_addsub_v12_0_12.c_addsub_v12_0_12_fabric_legacy [\c_addsub_v12_0_12_fabric_legacy...]
Compiling architecture rtl of entity c_addsub_v12_0_12.c_addsub_v12_0_12_lut6_legacy [\c_addsub_v12_0_12_lut6_legacy(c...]
Compiling architecture synth of entity c_addsub_v12_0_12.c_addsub_v12_0_12_fabric_legacy [\c_addsub_v12_0_12_fabric_legacy...]
Compiling architecture synth of entity c_addsub_v12_0_12.c_addsub_v12_0_12_legacy [\c_addsub_v12_0_12_legacy(c_fami...]
Compiling architecture synth of entity c_addsub_v12_0_12.c_addsub_v12_0_12_viv [\c_addsub_v12_0_12_viv(c_xdevice...]
Compiling architecture xilinx of entity c_addsub_v12_0_12.c_addsub_v12_0_12 [\c_addsub_v12_0_12(c_xdevicefami...]
Compiling architecture add_16x16_arch of entity xil_defaultlib.add_16x16 [add_16x16_default]
Compiling module xil_defaultlib.delay(NUM_OF_BITS=16)
Compiling module xil_defaultlib.long_delay_default
Compiling module xil_defaultlib.long_delay(DELAY=7)
Compiling architecture synth of entity c_addsub_v12_0_12.c_addsub_v12_0_12_legacy [\c_addsub_v12_0_12_legacy(c_fami...]
Compiling architecture synth of entity c_addsub_v12_0_12.c_addsub_v12_0_12_viv [\c_addsub_v12_0_12_viv(c_xdevice...]
Compiling architecture xilinx of entity c_addsub_v12_0_12.c_addsub_v12_0_12 [\c_addsub_v12_0_12(c_xdevicefami...]
Compiling architecture add_17x16_arch of entity xil_defaultlib.add_17x16 [add_17x16_default]
Compiling architecture rtl of entity c_addsub_v12_0_12.c_addsub_v12_0_12_lut6_legacy [\c_addsub_v12_0_12_lut6_legacy(c...]
Compiling architecture synth of entity c_addsub_v12_0_12.c_addsub_v12_0_12_fabric_legacy [\c_addsub_v12_0_12_fabric_legacy...]
Compiling architecture synth of entity c_addsub_v12_0_12.c_addsub_v12_0_12_legacy [\c_addsub_v12_0_12_legacy(c_fami...]
Compiling architecture synth of entity c_addsub_v12_0_12.c_addsub_v12_0_12_viv [\c_addsub_v12_0_12_viv(c_xdevice...]
Compiling architecture xilinx of entity c_addsub_v12_0_12.c_addsub_v12_0_12 [\c_addsub_v12_0_12(c_xdevicefami...]
Compiling architecture add_128_arch of entity xil_defaultlib.add_128 [add_128_default]
Compiling module xil_defaultlib.delay(NUM_OF_BITS=17)
Compiling module xil_defaultlib.long_delay(NUM_OF_BITS=17)
Compiling module xil_defaultlib.delay(NUM_OF_BITS=3)
Compiling module xil_defaultlib.long_delay(NUM_OF_BITS=3,DELAY=9...
Compiling module xil_defaultlib.rgb2ycbcr
Compiling module xil_defaultlib.vp
Compiling module xil_defaultlib.hdmi_out
Compiling module xil_defaultlib.tb_hdmi
Compiling module xil_defaultlib.glbl
Built simulation snapshot tb_hdmi_behav
INFO: [USF-XSim-69] 'elaborate' step finished in '4' seconds
INFO: [USF-XSim-4] XSim::Simulate design
INFO: [USF-XSim-61] Executing 'SIMULATE' step in 'C:/Users/Aayli/Desktop/SR_6/SR_6.sim/sim_1/behav/xsim'
INFO: [USF-XSim-98] *** Running xsim
   with args "tb_hdmi_behav -key {Behavioral:sim_1:Functional:tb_hdmi} -tclbatch {tb_hdmi.tcl} -log {simulate.log}"
INFO: [USF-XSim-8] Loading simulator feature
Vivado Simulator 2018.2
Time resolution is 1 ps
source tb_hdmi.tcl
# set curr_wave [current_wave_config]
# if { [string length $curr_wave] == 0 } {
#   if { [llength [get_objects]] > 0} {
#     add_wave /
#     set_property needs_save false [current_wave_config]
#   } else {
#      send_msg_id Add_Wave-1 WARNING "No top level signals found. Simulator will start without a wave window. If you want to open a wave window go to 'File->New Waveform Configuration' or type 'create_wave_config' in the TCL console."
#   }
# }
# run 1000ns
INFO: [USF-XSim-96] XSim completed. Design snapshot 'tb_hdmi_behav' loaded.
INFO: [USF-XSim-97] XSim simulation ran for 1000ns
launch_simulation: Time (s): cpu = 00:00:06 ; elapsed = 00:00:08 . Memory (MB): peak = 829.824 ; gain = 0.000
run 10 us
out  0.ppm saved
run 10 us
out  1.ppm saved
update_compile_order -fileset sources_1
close_sim
INFO: [Simtcl 6-16] Simulation closed
exit
INFO: [Common 17-206] Exiting Vivado at Sun Apr 18 23:30:02 2021...
